\BOOKMARK [1][-]{section.1}{\376\377\000I\000n\000t\000r\000o\000d\000u\000c\000t\000i\000o\000n}{}% 1
\BOOKMARK [2][-]{subsection.1.1}{\376\377\000C\000o\000n\000t\000e\000x\000t\000e\000\040\000e\000t\000\040\000o\000b\000j\000e\000c\000t\000i\000f\000s}{section.1}% 2
\BOOKMARK [2][-]{subsection.1.2}{\376\377\000P\000r\000o\000b\000l\000\351\000m\000a\000t\000i\000q\000u\000e}{section.1}% 3
\BOOKMARK [1][-]{section.2}{\376\377\000F\000o\000n\000d\000e\000m\000e\000n\000t\000s\000\040\000t\000h\000\351\000o\000r\000i\000q\000u\000e\000s}{}% 4
\BOOKMARK [2][-]{subsection.2.1}{\376\377\000M\000\351\000t\000h\000o\000d\000e\000\040\000d\000u\000\040\000m\000o\000d\000\350\000l\000e\000\040\000\050\000O\000u\000t\000p\000u\000t\000\040\000E\000r\000r\000o\000r\000\040\040\023\000\040\000O\000E\000\051}{section.2}% 5
\BOOKMARK [3][-]{subsubsection.2.1.1}{\376\377\000P\000r\000\351\000p\000a\000r\000a\000t\000i\000o\000n\000\040\0001\000\040\000:\000\040\000A\000n\000a\000l\000y\000s\000e\000\040\000d\000e\000\040\000l\000a\000\040\000n\000o\000n\000-\000l\000i\000n\000\351\000a\000r\000i\000t\000\351}{subsection.2.1}% 6
\BOOKMARK [2][-]{subsection.2.2}{\376\377\000M\000\351\000t\000h\000o\000d\000e\000\040\000d\000e\000s\000\040\000m\000o\000i\000n\000d\000r\000e\000s\000\040\000c\000a\000r\000r\000\351\000s\000\040\000\050\000E\000q\000u\000a\000t\000i\000o\000n\000\040\000E\000r\000r\000o\000r\000\040\040\023\000\040\000A\000R\000X\000\051}{section.2}% 7
\BOOKMARK [3][-]{subsubsection.2.2.1}{\376\377\000P\000r\000\351\000p\000a\000r\000a\000t\000i\000o\000n\000\040\0002\000\040\000:\000\040\000F\000o\000r\000m\000u\000l\000a\000t\000i\000o\000n\000\040\000l\000i\000n\000\351\000a\000i\000r\000e}{subsection.2.2}% 8
\BOOKMARK [3][-]{subsubsection.2.2.2}{\376\377\000A\000n\000a\000l\000y\000s\000e\000\040\000d\000u\000\040\000b\000i\000a\000i\000s\000\040\000d\000e\000\040\000l\000'\000e\000s\000t\000i\000m\000a\000t\000e\000u\000r\000\040\000M\000C}{subsection.2.2}% 9
\BOOKMARK [2][-]{subsection.2.3}{\376\377\000M\000o\000i\000n\000d\000r\000e\000s\000\040\000C\000a\000r\000r\000\351\000s\000\040\000R\000\351\000c\000u\000r\000s\000i\000f\000s\000\040\000\050\000M\000C\000R\000\051}{section.2}% 10
\BOOKMARK [3][-]{subsubsection.2.3.1}{\376\377\000A\000l\000g\000o\000r\000i\000t\000h\000m\000e\000\040\000d\000e\000\040\000b\000a\000s\000e}{subsection.2.3}% 11
\BOOKMARK [3][-]{subsubsection.2.3.2}{\376\377\000M\000C\000R\000\040\000a\000v\000e\000c\000\040\000f\000a\000c\000t\000e\000u\000r\000\040\000d\000'\000o\000u\000b\000l\000i}{subsection.2.3}% 12
\BOOKMARK [1][-]{section.3}{\376\377\000M\000i\000s\000e\000\040\000e\000n\000\040\001\123\000u\000v\000r\000e\000\040\000e\000x\000p\000\351\000r\000i\000m\000e\000n\000t\000a\000l\000e}{}% 13
\BOOKMARK [2][-]{subsection.3.1}{\376\377\000P\000r\000o\000c\000e\000s\000s\000u\000s\000\040\000\351\000t\000u\000d\000i\000\351}{section.3}% 14
\BOOKMARK [2][-]{subsection.3.2}{\376\377\000S\000i\000g\000n\000a\000l\000\040\000d\000'\000e\000n\000t\000r\000\351\000e}{section.3}% 15
\BOOKMARK [1][-]{section.4}{\376\377\000M\000a\000n\000i\000p\000u\000l\000a\000t\000i\000o\000n\000\040\0001\000\040\000:\000\040\000M\000\351\000t\000h\000o\000d\000e\000\040\000d\000e\000s\000\040\000M\000o\000i\000n\000d\000r\000e\000s\000\040\000C\000a\000r\000r\000\351\000s}{}% 16
\BOOKMARK [2][-]{subsection.4.1}{\376\377\000O\000b\000j\000e\000c\000t\000i\000f}{section.4}% 17
\BOOKMARK [2][-]{subsection.4.2}{\376\377\000R\000\351\000s\000u\000l\000t\000a\000t\000s\000\040\000p\000o\000u\000r\000\040\000d\000i\000f\000f\000\351\000r\000e\000n\000t\000s\000\040\000n\000i\000v\000e\000a\000u\000x\000\040\000d\000e\000\040\000b\000r\000u\000i\000t}{section.4}% 18
\BOOKMARK [3][-]{subsubsection.4.2.1}{\376\377\000C\000a\000s\000\040\000R\000S\000B\000\040\000=\000\040\0001\0000\0000\000\040\000\050\000b\000r\000u\000i\000t\000\040\000f\000a\000i\000b\000l\000e\000\051}{subsection.4.2}% 19
\BOOKMARK [3][-]{subsubsection.4.2.2}{\376\377\000C\000a\000s\000\040\000R\000S\000B\000\040\000=\000\040\0001\0000\000\040\000\050\000b\000r\000u\000i\000t\000\040\000m\000o\000d\000\351\000r\000\351\000\051}{subsection.4.2}% 20
\BOOKMARK [3][-]{subsubsection.4.2.3}{\376\377\000C\000a\000s\000\040\000R\000S\000B\000\040\000=\000\040\0001\000\040\000\050\000b\000r\000u\000i\000t\000\040\000f\000o\000r\000t\000\051}{subsection.4.2}% 21
\BOOKMARK [2][-]{subsection.4.3}{\376\377\000R\000\351\000s\000u\000l\000t\000a\000t\000s\000\040\000n\000u\000m\000\351\000r\000i\000q\000u\000e\000s}{section.4}% 22
\BOOKMARK [2][-]{subsection.4.4}{\376\377\000\311\000t\000u\000d\000e\000\040\000s\000t\000a\000t\000i\000s\000t\000i\000q\000u\000e\000\040\000\050\000M\000o\000n\000t\000e\000\040\000C\000a\000r\000l\000o\000\051}{section.4}% 23
\BOOKMARK [2][-]{subsection.4.5}{\376\377\000C\000o\000n\000v\000e\000r\000g\000e\000n\000c\000e\000\040\000d\000e\000\040\000l\000'\000e\000s\000t\000i\000m\000a\000t\000e\000u\000r}{section.4}% 24
\BOOKMARK [2][-]{subsection.4.6}{\376\377\000B\000i\000l\000a\000n\000\040\000d\000e\000\040\000l\000a\000\040\000M\000a\000n\000i\000p\000u\000l\000a\000t\000i\000o\000n\000\040\0001}{section.4}% 25
\BOOKMARK [1][-]{section.5}{\376\377\000M\000a\000n\000i\000p\000u\000l\000a\000t\000i\000o\000n\000\040\0002\000\040\000:\000\040\000M\000o\000i\000n\000d\000r\000e\000s\000\040\000C\000a\000r\000r\000\351\000s\000\040\000R\000\351\000c\000u\000r\000s\000i\000f\000s\000\040\000a\000v\000e\000c\000\040\000f\000a\000c\000t\000e\000u\000r\000\040\000d\000'\000o\000u\000b\000l\000i}{}% 26
\BOOKMARK [2][-]{subsection.5.1}{\376\377\000O\000b\000j\000e\000c\000t\000i\000f}{section.5}% 27
\BOOKMARK [2][-]{subsection.5.2}{\376\377\000M\000C\000R\000\040\000s\000u\000r\000\040\000s\000y\000s\000t\000\350\000m\000e\000\040\000s\000t\000a\000t\000i\000o\000n\000n\000a\000i\000r\000e}{section.5}% 28
\BOOKMARK [2][-]{subsection.5.3}{\376\377\000S\000y\000s\000t\000\350\000m\000e\000\040\000n\000o\000n\000\040\000s\000t\000a\000t\000i\000o\000n\000n\000a\000i\000r\000e}{section.5}% 29
\BOOKMARK [2][-]{subsection.5.4}{\376\377\000I\000n\000f\000l\000u\000e\000n\000c\000e\000\040\000d\000u\000\040\000f\000a\000c\000t\000e\000u\000r\000\040\000d\000'\000o\000u\000b\000l\000i}{section.5}% 30
\BOOKMARK [3][-]{subsubsection.5.4.1}{\376\377\000C\000a\000s\000\040\000=\000\040\0001\000\040\000\050\000p\000a\000s\000\040\000d\000'\000o\000u\000b\000l\000i\000\051}{subsection.5.4}% 31
\BOOKMARK [3][-]{subsubsection.5.4.2}{\376\377\000C\000a\000s\000\040\000=\000\040\0000\000.\0009\0008\000\040\000\050\000o\000u\000b\000l\000i\000\040\000f\000a\000i\000b\000l\000e\000\051}{subsection.5.4}% 32
\BOOKMARK [3][-]{subsubsection.5.4.3}{\376\377\000C\000a\000s\000\040\000=\000\040\0000\000.\0009\0005\000\040\000\050\000o\000u\000b\000l\000i\000\040\000m\000o\000d\000\351\000r\000\351\000\051}{subsection.5.4}% 33
\BOOKMARK [3][-]{subsubsection.5.4.4}{\376\377\000C\000a\000s\000\040\000=\000\040\0000\000.\0009\0000\000\040\000\050\000o\000u\000b\000l\000i\000\040\000f\000o\000r\000t\000\051}{subsection.5.4}% 34
\BOOKMARK [2][-]{subsection.5.5}{\376\377\000C\000o\000m\000p\000a\000r\000a\000i\000s\000o\000n\000\040\000s\000y\000n\000t\000h\000\351\000t\000i\000q\000u\000e}{section.5}% 35
\BOOKMARK [2][-]{subsection.5.6}{\376\377\000\311\000t\000u\000d\000e\000\040\000s\000t\000a\000t\000i\000s\000t\000i\000q\000u\000e\000\040\000a\000v\000e\000c\000\040\000=\000\040\0000\000.\0009\0005}{section.5}% 36
\BOOKMARK [2][-]{subsection.5.7}{\376\377\000B\000i\000l\000a\000n\000\040\000d\000e\000\040\000l\000a\000\040\000M\000a\000n\000i\000p\000u\000l\000a\000t\000i\000o\000n\000\040\0002}{section.5}% 37
\BOOKMARK [1][-]{section.6}{\376\377\000C\000o\000n\000c\000l\000u\000s\000i\000o\000n\000\040\000g\000\351\000n\000\351\000r\000a\000l\000e}{}% 38
\BOOKMARK [2][-]{subsection.6.1}{\376\377\000S\000y\000n\000t\000h\000\350\000s\000e\000\040\000d\000e\000s\000\040\000r\000\351\000s\000u\000l\000t\000a\000t\000s}{section.6}% 39
\BOOKMARK [2][-]{subsection.6.2}{\376\377\000L\000i\000m\000i\000t\000a\000t\000i\000o\000n\000s\000\040\000o\000b\000s\000e\000r\000v\000\351\000e\000s}{section.6}% 40
